<?xml version="1.0" encoding="UTF-8"?>
<!-- Generated by org.testng.reporters.JUnitReportReporter -->
<testsuite skipped="0" hostname="ALI" name="myJava.MySQL_DB" tests="1" failures="0" timestamp="14 Jul 2018 23:10:14 GMT" time="0.157" errors="0">
  <testcase name="testDB" time="0.157" classname="myJava.MySQL_DB"/>
</testsuite> <!-- myJava.MySQL_DB -->
